[1763573448.916][INFO]: Starting ChromeDriver 142.0.7444.162 (c076baf266c3ed5efb225de664cfa7b183668ad6-refs/branch-heads/7444@{#2498}) on port 59043
[1763573448.916][INFO]: Please see https://chromedriver.chromium.org/security-considerations for suggestions on keeping ChromeDriver safe.
[1763573448.919][INFO]: ChromeDriver was started successfully on port 59043
[1763573448.926][INFO]: [615cfaaa815ebed8961ad0f32ca21047] COMMAND InitSession {
   "capabilities": {
      "alwaysMatch": {
         "browserName": "chrome",
         "goog:chromeOptions": {
            "args": [ "--no-sandbox", "--disable-setuid-sandbox", "--headless", "--no-sandbox", "--disable-dev-shm-usage", "--disable-gpu", "--disable-software-rasterizer", "--disable-setuid-sandbox", "--disable-extensions", "--disable-popup-blocking", "--disable-notifications", "--disable-3d-apis", "--disable-blink-features=AutomationControlled", "--window-size=1920,1080", "--user-agent=Mozilla/5.0 (Windows NT 10.0; Win64; x64) AppleWebKit/537.36 (KHTML, like Gecko) Chrome/58.0.3029.110 Safari/537.3" ],
            "binary": "/usr/bin/chromium",
            "extensions": [  ]
         },
         "pageLoadStrategy": "normal"
      },
      "firstMatch": [ {
      } ]
   }
}
[1763573448.926][INFO]: Populating Preferences file: {
   "alternate_error_pages": {
      "enabled": false
   },
   "autofill": {
      "enabled": false
   },
   "browser": {
      "check_default_browser": false
   },
   "distribution": {
      "import_bookmarks": false,
      "import_history": false,
      "import_search_engine": false,
      "make_chrome_default_for_user": false,
      "skip_first_run_ui": true
   },
   "dns_prefetching": {
      "enabled": false
   },
   "profile": {
      "content_settings": {
         "pattern_pairs": {
            "https://*,*": {
               "media-stream": {
                  "audio": "Default",
                  "video": "Default"
               }
            }
         }
      },
      "default_content_setting_values": {
         "geolocation": 1
      },
      "default_content_settings": {
         "geolocation": 1,
         "mouselock": 1,
         "notifications": 1,
         "popups": 1,
         "ppapi-broker": 1
      },
      "password_manager_enabled": false
   },
   "safebrowsing": {
      "enabled": false
   },
   "search": {
      "suggest_enabled": false
   },
   "translate": {
      "enabled": false
   }
}
[1763573448.926][INFO]: Populating Local State file: {
   "background_mode": {
      "enabled": false
   },
   "ssl": {
      "rev_checking": {
         "enabled": false
      }
   }
}
[1763573448.926][INFO]: ChromeDriver supports communication with Chrome via pipes. This is more reliable and more secure.
[1763573448.926][INFO]: Use the --remote-debugging-pipe Chrome switch instead of the default --remote-debugging-port to enable this communication mode.
[1763573448.926][INFO]: Launching chrome: /usr/bin/chromium --allow-pre-commit-input --disable-3d-apis --disable-background-networking --disable-blink-features=AutomationControlled --disable-client-side-phishing-detection --disable-default-apps --disable-dev-shm-usage --disable-extensions --disable-features=IgnoreDuplicateNavs,Prewarm --disable-gpu --disable-hang-monitor --disable-notifications --disable-popup-blocking --disable-prompt-on-repost --disable-setuid-sandbox --disable-software-rasterizer --disable-sync --enable-automation --enable-logging --headless --log-level=0 --no-first-run --no-sandbox --no-service-autorun --password-store=basic --remote-debugging-port=0 --test-type=webdriver --use-mock-keychain --user-agent=Mozilla/5.0 (Windows NT 10.0; Win64; x64) AppleWebKit/537.36 (KHTML, like Gecko) Chrome/58.0.3029.110 Safari/537.3 --user-data-dir=/tmp/.org.chromium.Chromium.scoped_dir.rqaDz2 --window-size=1920,1080 data:,
[14:41:1119/173048.985859:ERROR:dbus/bus.cc:408] Failed to connect to the bus: Failed to connect to socket /run/dbus/system_bus_socket: No such file or directory
[14:41:1119/173048.990248:ERROR:dbus/bus.cc:408] Failed to connect to the bus: Could not parse server address: Unknown address type (examples of valid types are "tcp" and on UNIX "unix")
[14:41:1119/173048.990428:ERROR:dbus/bus.cc:408] Failed to connect to the bus: Failed to connect to socket /run/dbus/system_bus_socket: No such file or directory
[14:41:1119/173048.990450:ERROR:dbus/bus.cc:408] Failed to connect to the bus: Failed to connect to socket /run/dbus/system_bus_socket: No such file or directory
[14:41:1119/173049.028582:ERROR:dbus/bus.cc:408] Failed to connect to the bus: Could not parse server address: Unknown address type (examples of valid types are "tcp" and on UNIX "unix")

DevTools listening on ws://127.0.0.1:44953/devtools/browser/8aeccc8c-16ac-42d1-aa8e-f0bf8406a514
[14:41:1119/173049.061126:ERROR:dbus/bus.cc:408] Failed to connect to the bus: Could not parse server address: Unknown address type (examples of valid types are "tcp" and on UNIX "unix")
[1763573449.086][DEBUG]: DevTools HTTP Request: http://localhost:44953/json/version
[14:14:1119/173049.092815:ERROR:dbus/object_proxy.cc:573] Failed to call method: org.freedesktop.DBus.NameHasOwner: object_path= /org/freedesktop/DBus: unknown error type: 
[14:41:1119/173049.092914:ERROR:dbus/bus.cc:408] Failed to connect to the bus: Could not parse server address: Unknown address type (examples of valid types are "tcp" and on UNIX "unix")
[14:41:1119/173049.092935:ERROR:dbus/bus.cc:408] Failed to connect to the bus: Could not parse server address: Unknown address type (examples of valid types are "tcp" and on UNIX "unix")
[14:41:1119/173049.092941:ERROR:dbus/bus.cc:408] Failed to connect to the bus: Could not parse server address: Unknown address type (examples of valid types are "tcp" and on UNIX "unix")
[14:41:1119/173049.092945:ERROR:dbus/bus.cc:408] Failed to connect to the bus: Could not parse server address: Unknown address type (examples of valid types are "tcp" and on UNIX "unix")
[14:41:1119/173049.092948:ERROR:dbus/bus.cc:408] Failed to connect to the bus: Could not parse server address: Unknown address type (examples of valid types are "tcp" and on UNIX "unix")
[14:14:1119/173049.096612:ERROR:dbus/object_proxy.cc:573] Failed to call method: org.freedesktop.DBus.NameHasOwner: object_path= /org/freedesktop/DBus: unknown error type: 
[14:14:1119/173049.100059:ERROR:dbus/object_proxy.cc:573] Failed to call method: org.freedesktop.DBus.NameHasOwner: object_path= /org/freedesktop/DBus: unknown error type: 
[14:41:1119/173049.100337:ERROR:dbus/bus.cc:408] Failed to connect to the bus: Could not parse server address: Unknown address type (examples of valid types are "tcp" and on UNIX "unix")
[14:41:1119/173049.117193:ERROR:dbus/bus.cc:408] Failed to connect to the bus: Failed to connect to socket /run/dbus/system_bus_socket: No such file or directory
[14:41:1119/173049.117249:ERROR:dbus/bus.cc:408] Failed to connect to the bus: Failed to connect to socket /run/dbus/system_bus_socket: No such file or directory
[14:14:1119/173049.117279:ERROR:dbus/object_proxy.cc:573] Failed to call method: org.freedesktop.DBus.NameHasOwner: object_path= /org/freedesktop/DBus: unknown error type: 
[14:14:1119/173049.117292:ERROR:dbus/object_proxy.cc:573] Failed to call method: org.freedesktop.DBus.NameHasOwner: object_path= /org/freedesktop/DBus: unknown error type: 
[14:14:1119/173049.118474:ERROR:dbus/object_proxy.cc:573] Failed to call method: org.freedesktop.DBus.NameHasOwner: object_path= /org/freedesktop/DBus: unknown error type: 
[14:41:1119/173049.118519:ERROR:dbus/bus.cc:408] Failed to connect to the bus: Could not parse server address: Unknown address type (examples of valid types are "tcp" and on UNIX "unix")
[1763573449.119][DEBUG]: DevTools HTTP Response: {
   "Browser": "Chrome/142.0.7444.162",
   "Protocol-Version": "1.3",
   "User-Agent": "Mozilla/5.0 (Windows NT 10.0; Win64; x64) AppleWebKit/537.36 (KHTML, like Gecko) Chrome/58.0.3029.110 Safari/537.3",
   "V8-Version": "14.2.231.18",
   "WebKit-Version": "537.36 (@c076baf266c3ed5efb225de664cfa7b183668ad6)",
   "webSocketDebuggerUrl": "ws://localhost:44953/devtools/browser/8aeccc8c-16ac-42d1-aa8e-f0bf8406a514"
}

[1763573449.119][DEBUG]: DevTools HTTP Request: http://localhost:44953/json/list
[14:14:1119/173049.121475:ERROR:dbus/object_proxy.cc:573] Failed to call method: org.freedesktop.DBus.Properties.GetAll: object_path= /org/freedesktop/UPower/devices/DisplayDevice: unknown error type: 
[14:14:1119/173049.123504:ERROR:dbus/object_proxy.cc:573] Failed to call method: org.freedesktop.DBus.NameHasOwner: object_path= /org/freedesktop/DBus: unknown error type: 
[14:41:1119/173049.123555:ERROR:dbus/bus.cc:408] Failed to connect to the bus: Could not parse server address: Unknown address type (examples of valid types are "tcp" and on UNIX "unix")
[1763573449.130][DEBUG]: DevTools HTTP Response: [ {
   "description": "",
   "devtoolsFrontendUrl": "https://chrome-devtools-frontend.appspot.com/serve_rev/@c076baf266c3ed5efb225de664cfa7b183668ad6/inspector.html?ws=localhost:44953/devtools/page/8AF9FC43CE6CF7A187FB767B46069107",
   "id": "8AF9FC43CE6CF7A187FB767B46069107",
   "title": "",
   "type": "page",
   "url": "data:,",
   "webSocketDebuggerUrl": "ws://localhost:44953/devtools/page/8AF9FC43CE6CF7A187FB767B46069107"
} ]

[14:14:1119/173049.130564:ERROR:dbus/object_proxy.cc:573] Failed to call method: org.freedesktop.DBus.NameHasOwner: object_path= /org/freedesktop/DBus: unknown error type: 
[14:41:1119/173049.130608:ERROR:dbus/bus.cc:408] Failed to connect to the bus: Could not parse server address: Unknown address type (examples of valid types are "tcp" and on UNIX "unix")
[1763573449.131][INFO]: resolved localhost to ["::1","127.0.0.1"]
[14:14:1119/173049.131736:ERROR:dbus/object_proxy.cc:573] Failed to call method: org.freedesktop.DBus.NameHasOwner: object_path= /org/freedesktop/DBus: unknown error type: 
[1763573449.133][DEBUG]: DevTools WebSocket Command: Target.getTargets (id=1) (session_id=) browser {
   "filter": [ {
      "exclude": true,
      "type": "browser"
   }, {
      "exclude": true,
      "type": "page"
   }, {
      "exclude": false
   } ]
}
[1763573449.142][DEBUG]: DevTools WebSocket Response: Target.getTargets (id=1) (session_id=) browser {
   "targetInfos": [ {
      "attached": false,
      "browserContextId": "45F00CA9A4DC44443BAFE11F7E88FC36",
      "canAccessOpener": false,
      "targetId": "82628D0C9E5AA475E96BEE306606BA43",
      "title": "",
      "type": "tab",
      "url": "data:,"
   } ]
}
[1763573449.142][DEBUG]: DevTools WebSocket Command: Target.attachToTarget (id=2) (session_id=) browser {
   "flatten": true,
   "targetId": "82628D0C9E5AA475E96BEE306606BA43"
}
[1763573449.143][DEBUG]: DevTools WebSocket Event: Target.attachedToTarget (session_id=) browser {
   "sessionId": "D9AFEB9C91F6CDC58DCE27092030EFA4",
   "targetInfo": {
      "attached": true,
      "browserContextId": "45F00CA9A4DC44443BAFE11F7E88FC36",
      "canAccessOpener": false,
      "targetId": "82628D0C9E5AA475E96BEE306606BA43",
      "title": "",
      "type": "tab",
      "url": "data:,"
   },
   "waitingForDebugger": false
}
[1763573449.143][DEBUG]: DevTools WebSocket Response: Target.attachToTarget (id=2) (session_id=) browser {
   "sessionId": "D9AFEB9C91F6CDC58DCE27092030EFA4"
}
[1763573449.143][DEBUG]: DevTools WebSocket Command: Target.setAutoAttach (id=3) (session_id=D9AFEB9C91F6CDC58DCE27092030EFA4) 82628D0C9E5AA475E96BEE306606BA43 {
   "autoAttach": true,
   "flatten": true,
   "waitForDebuggerOnStart": false
}
[1763573449.144][DEBUG]: DevTools WebSocket Event: Target.attachedToTarget (session_id=D9AFEB9C91F6CDC58DCE27092030EFA4) 82628D0C9E5AA475E96BEE306606BA43 {
   "sessionId": "609385DF3A5156D32BEDE7C8A636E6DE",
   "targetInfo": {
      "attached": true,
      "browserContextId": "45F00CA9A4DC44443BAFE11F7E88FC36",
      "canAccessOpener": false,
      "targetId": "8AF9FC43CE6CF7A187FB767B46069107",
      "title": "",
      "type": "page",
      "url": "data:,"
   },
   "waitingForDebugger": false
}
[1763573449.144][DEBUG]: DevTools WebSocket Command: Page.enable (id=4) (session_id=609385DF3A5156D32BEDE7C8A636E6DE) 8AF9FC43CE6CF7A187FB767B46069107 {
}
[1763573449.144][DEBUG]: DevTools WebSocket Command: Page.addScriptToEvaluateOnNewDocument (id=5) (session_id=609385DF3A5156D32BEDE7C8A636E6DE) 8AF9FC43CE6CF7A187FB767B46069107 {
   "source": "(function () {window.cdc_adoQpoasnfa76pfcZLmcfl_Array = window.Array;window.cdc_adoQpoasnfa76pfcZLmcfl_Object = window.Object;window.cdc_adoQpoasnfa76pfcZLmcfl_Promise = window.Promise;window.cdc_a..."
}
[1763573449.144][DEBUG]: DevTools WebSocket Command: Runtime.evaluate (id=6) (session_id=609385DF3A5156D32BEDE7C8A636E6DE) 8AF9FC43CE6CF7A187FB767B46069107 {
   "expression": "(function () {window.cdc_adoQpoasnfa76pfcZLmcfl_Array = window.Array;window.cdc_adoQpoasnfa76pfcZLmcfl_Object = window.Object;window.cdc_adoQpoasnfa76pfcZLmcfl_Promise = window.Promise;window.cdc_a..."
}
[1763573449.144][DEBUG]: DevTools WebSocket Command: Log.enable (id=7) (session_id=609385DF3A5156D32BEDE7C8A636E6DE) 8AF9FC43CE6CF7A187FB767B46069107 {
}
[1763573449.144][DEBUG]: DevTools WebSocket Command: Target.setAutoAttach (id=8) (session_id=609385DF3A5156D32BEDE7C8A636E6DE) 8AF9FC43CE6CF7A187FB767B46069107 {
   "autoAttach": true,
   "flatten": true,
   "waitForDebuggerOnStart": false
}
[1763573449.146][DEBUG]: DevTools WebSocket Response: Target.setAutoAttach (id=3) (session_id=D9AFEB9C91F6CDC58DCE27092030EFA4) 82628D0C9E5AA475E96BEE306606BA43 {
}
[1763573449.150][DEBUG]: DevTools WebSocket Response: Page.enable (id=4) (session_id=609385DF3A5156D32BEDE7C8A636E6DE) 8AF9FC43CE6CF7A187FB767B46069107 {
}
[1763573449.151][DEBUG]: DevTools WebSocket Response: Page.addScriptToEvaluateOnNewDocument (id=5) (session_id=609385DF3A5156D32BEDE7C8A636E6DE) 8AF9FC43CE6CF7A187FB767B46069107 {
   "identifier": "1"
}
[1763573449.151][DEBUG]: DevTools WebSocket Response: Runtime.evaluate (id=6) (session_id=609385DF3A5156D32BEDE7C8A636E6DE) 8AF9FC43CE6CF7A187FB767B46069107 {
   "result": {
      "type": "undefined"
   }
}
[1763573449.151][DEBUG]: DevTools WebSocket Response: Log.enable (id=7) (session_id=609385DF3A5156D32BEDE7C8A636E6DE) 8AF9FC43CE6CF7A187FB767B46069107 {
}
[1763573449.151][DEBUG]: DevTools WebSocket Response: Target.setAutoAttach (id=8) (session_id=609385DF3A5156D32BEDE7C8A636E6DE) 8AF9FC43CE6CF7A187FB767B46069107 {
}
[1763573449.151][DEBUG]: DevTools WebSocket Command: Runtime.enable (id=9) (session_id=609385DF3A5156D32BEDE7C8A636E6DE) 8AF9FC43CE6CF7A187FB767B46069107 {
}
[1763573449.151][DEBUG]: DevTools WebSocket Event: Page.domContentEventFired (session_id=609385DF3A5156D32BEDE7C8A636E6DE) 8AF9FC43CE6CF7A187FB767B46069107 {
   "timestamp": 14741.267313
}
[1763573449.151][DEBUG]: DevTools WebSocket Event: Page.loadEventFired (session_id=609385DF3A5156D32BEDE7C8A636E6DE) 8AF9FC43CE6CF7A187FB767B46069107 {
   "timestamp": 14741.267782
}
[1763573449.154][DEBUG]: DevTools WebSocket Event: Page.frameStoppedLoading (session_id=609385DF3A5156D32BEDE7C8A636E6DE) 8AF9FC43CE6CF7A187FB767B46069107 {
   "frameId": "8AF9FC43CE6CF7A187FB767B46069107"
}
[1763573449.154][DEBUG]: DevTools WebSocket Event: Page.frameResized (session_id=609385DF3A5156D32BEDE7C8A636E6DE) 8AF9FC43CE6CF7A187FB767B46069107 {
}
[1763573449.155][DEBUG]: DevTools WebSocket Event: Runtime.executionContextCreated (session_id=609385DF3A5156D32BEDE7C8A636E6DE) 8AF9FC43CE6CF7A187FB767B46069107 {
   "context": {
      "auxData": {
         "frameId": "8AF9FC43CE6CF7A187FB767B46069107",
         "isDefault": true,
         "type": "default"
      },
      "id": 1,
      "name": "",
      "origin": "://",
      "uniqueId": "-5304621443389776013.-7715743383449788902"
   }
}
[1763573449.155][DEBUG]: DevTools WebSocket Response: Runtime.enable (id=9) (session_id=609385DF3A5156D32BEDE7C8A636E6DE) 8AF9FC43CE6CF7A187FB767B46069107 {
}
[1763573449.155][DEBUG]: DevTools WebSocket Command: Runtime.enable (id=10) (session_id=609385DF3A5156D32BEDE7C8A636E6DE) 8AF9FC43CE6CF7A187FB767B46069107 {
}
[1763573449.155][DEBUG]: DevTools WebSocket Response: Runtime.enable (id=10) (session_id=609385DF3A5156D32BEDE7C8A636E6DE) 8AF9FC43CE6CF7A187FB767B46069107 {
}
[1763573449.155][INFO]: [615cfaaa815ebed8961ad0f32ca21047] RESPONSE InitSession {
   "capabilities": {
      "acceptInsecureCerts": false,
      "browserName": "chrome",
      "browserVersion": "142.0.7444.162",
      "chrome": {
         "chromedriverVersion": "142.0.7444.162 (c076baf266c3ed5efb225de664cfa7b183668ad6-refs/branch-heads/7444@{#2498})",
         "userDataDir": "/tmp/.org.chromium.Chromium.scoped_dir.rqaDz2"
      },
      "fedcm:accounts": true,
      "goog:chromeOptions": {
         "debuggerAddress": "localhost:44953"
      },
      "goog:processID": 14,
      "networkConnectionEnabled": false,
      "pageLoadStrategy": "normal",
      "platformName": "linux",
      "proxy": {
      },
      "setWindowRect": true,
      "strictFileInteractability": false,
      "timeouts": {
         "implicit": 0,
         "pageLoad": 300000,
         "script": 30000
      },
      "unhandledPromptBehavior": "dismiss and notify",
      "webauthn:extension:credBlob": true,
      "webauthn:extension:largeBlob": true,
      "webauthn:extension:minPinLength": true,
      "webauthn:extension:prf": true,
      "~~~": "..."
   },
   "sessionId": "615cfaaa815ebed8961ad0f32ca21047"
}
[1763573449.156][INFO]: [615cfaaa815ebed8961ad0f32ca21047] COMMAND Navigate {
   "url": "https://www.google.com"
}
[1763573449.156][INFO]: Waiting for pending navigations...
[1763573449.156][DEBUG]: DevTools WebSocket Command: Runtime.evaluate (id=11) (session_id=609385DF3A5156D32BEDE7C8A636E6DE) 8AF9FC43CE6CF7A187FB767B46069107 {
   "expression": "1"
}
[1763573449.156][DEBUG]: DevTools WebSocket Response: Runtime.evaluate (id=11) (session_id=609385DF3A5156D32BEDE7C8A636E6DE) 8AF9FC43CE6CF7A187FB767B46069107 {
   "result": {
      "description": "1",
      "type": "number",
      "value": 1
   }
}
[1763573449.157][INFO]: Done waiting for pending navigations. Status: ok
[1763573449.157][DEBUG]: DevTools WebSocket Command: Page.navigate (id=12) (session_id=609385DF3A5156D32BEDE7C8A636E6DE) 8AF9FC43CE6CF7A187FB767B46069107 {
   "url": "https://www.google.com"
}
[1763573449.160][DEBUG]: DevTools WebSocket Event: Page.frameStartedNavigating (session_id=609385DF3A5156D32BEDE7C8A636E6DE) 8AF9FC43CE6CF7A187FB767B46069107 {
   "frameId": "8AF9FC43CE6CF7A187FB767B46069107",
   "loaderId": "81E4C54A083DABE0A0A026310A065231",
   "navigationType": "differentDocument",
   "url": "https://www.google.com/"
}
[1763573449.162][DEBUG]: DevTools WebSocket Event: Page.frameStartedLoading (session_id=609385DF3A5156D32BEDE7C8A636E6DE) 8AF9FC43CE6CF7A187FB767B46069107 {
   "frameId": "8AF9FC43CE6CF7A187FB767B46069107"
}
[1763573449.507][DEBUG]: DevTools WebSocket Response: Page.navigate (id=12) (session_id=609385DF3A5156D32BEDE7C8A636E6DE) 8AF9FC43CE6CF7A187FB767B46069107 {
   "frameId": "8AF9FC43CE6CF7A187FB767B46069107",
   "isDownload": false,
   "loaderId": "81E4C54A083DABE0A0A026310A065231"
}
[1763573449.507][INFO]: Waiting for pending navigations...
[1763573449.507][DEBUG]: DevTools WebSocket Command: Runtime.evaluate (id=13) (session_id=609385DF3A5156D32BEDE7C8A636E6DE) 8AF9FC43CE6CF7A187FB767B46069107 {
   "expression": "1"
}
[1763573449.509][DEBUG]: DevTools WebSocket Event: Runtime.executionContextsCleared (session_id=609385DF3A5156D32BEDE7C8A636E6DE) 8AF9FC43CE6CF7A187FB767B46069107 {
}
[1763573449.511][DEBUG]: DevTools WebSocket Event: Runtime.executionContextsCleared (session_id=609385DF3A5156D32BEDE7C8A636E6DE) 8AF9FC43CE6CF7A187FB767B46069107 {
}
[1763573449.511][DEBUG]: DevTools WebSocket Event: Page.frameNavigated (session_id=609385DF3A5156D32BEDE7C8A636E6DE) 8AF9FC43CE6CF7A187FB767B46069107 {
   "frame": {
      "adFrameStatus": {
         "adFrameType": "none"
      },
      "crossOriginIsolatedContextType": "NotIsolated",
      "domainAndRegistry": "google.com",
      "gatedAPIFeatures": [  ],
      "id": "8AF9FC43CE6CF7A187FB767B46069107",
      "loaderId": "81E4C54A083DABE0A0A026310A065231",
      "mimeType": "text/html",
      "secureContextType": "Secure",
      "securityOrigin": "https://www.google.com",
      "securityOriginDetails": {
         "isLocalhost": false
      },
      "url": "https://www.google.com/"
   },
   "type": "Navigation"
}
[1763573449.517][DEBUG]: DevTools WebSocket Event: Runtime.executionContextCreated (session_id=609385DF3A5156D32BEDE7C8A636E6DE) 8AF9FC43CE6CF7A187FB767B46069107 {
   "context": {
      "auxData": {
         "frameId": "8AF9FC43CE6CF7A187FB767B46069107",
         "isDefault": true,
         "type": "default"
      },
      "id": 1,
      "name": "",
      "origin": "https://www.google.com",
      "uniqueId": "8639552964276506966.413818073957848094"
   }
}
[1763573449.521][DEBUG]: DevTools WebSocket Response: Runtime.evaluate (id=13) (session_id=609385DF3A5156D32BEDE7C8A636E6DE) 8AF9FC43CE6CF7A187FB767B46069107 {
   "result": {
      "description": "1",
      "type": "number",
      "value": 1
   }
}
[1763573449.591][DEBUG]: DevTools WebSocket Event: Page.domContentEventFired (session_id=609385DF3A5156D32BEDE7C8A636E6DE) 8AF9FC43CE6CF7A187FB767B46069107 {
   "timestamp": 14741.709189
}
[1763573449.591][DEBUG]: DevTools WebSocket Command: Runtime.evaluate (id=14) (session_id=609385DF3A5156D32BEDE7C8A636E6DE) 8AF9FC43CE6CF7A187FB767B46069107 {
   "expression": "1"
}
[1763573449.593][DEBUG]: DevTools WebSocket Response: Runtime.evaluate (id=14) (session_id=609385DF3A5156D32BEDE7C8A636E6DE) 8AF9FC43CE6CF7A187FB767B46069107 {
   "result": {
      "description": "1",
      "type": "number",
      "value": 1
   }
}
[1763573449.717][DEBUG]: DevTools WebSocket Event: Page.frameResized (session_id=609385DF3A5156D32BEDE7C8A636E6DE) 8AF9FC43CE6CF7A187FB767B46069107 {
}
[1763573449.717][DEBUG]: DevTools WebSocket Command: Runtime.evaluate (id=15) (session_id=609385DF3A5156D32BEDE7C8A636E6DE) 8AF9FC43CE6CF7A187FB767B46069107 {
   "expression": "1"
}
[1763573449.717][DEBUG]: DevTools WebSocket Response: Runtime.evaluate (id=15) (session_id=609385DF3A5156D32BEDE7C8A636E6DE) 8AF9FC43CE6CF7A187FB767B46069107 {
   "result": {
      "description": "1",
      "type": "number",
      "value": 1
   }
}
[1763573449.727][DEBUG]: DevTools WebSocket Event: Page.frameResized (session_id=609385DF3A5156D32BEDE7C8A636E6DE) 8AF9FC43CE6CF7A187FB767B46069107 {
}
[1763573449.727][DEBUG]: DevTools WebSocket Command: Runtime.evaluate (id=16) (session_id=609385DF3A5156D32BEDE7C8A636E6DE) 8AF9FC43CE6CF7A187FB767B46069107 {
   "expression": "1"
}
[1763573449.727][DEBUG]: DevTools WebSocket Response: Runtime.evaluate (id=16) (session_id=609385DF3A5156D32BEDE7C8A636E6DE) 8AF9FC43CE6CF7A187FB767B46069107 {
   "result": {
      "description": "1",
      "type": "number",
      "value": 1
   }
}
[1763573449.950][DEBUG]: DevTools WebSocket Event: Page.frameAttached (session_id=609385DF3A5156D32BEDE7C8A636E6DE) 8AF9FC43CE6CF7A187FB767B46069107 {
   "frameId": "EB2FB3F4B3539908E046DC0140A47959",
   "parentFrameId": "8AF9FC43CE6CF7A187FB767B46069107",
   "stack": {
      "callFrames": [ {
         "columnNumber": 419,
         "functionName": "Sx",
         "lineNumber": 204,
         "scriptId": "14",
         "url": "https://www.gstatic.com/og/_/js/k=og.og.en_US.oMhipGj80KY.es5.O/rt=j/m=ld,gl,sd,p,vd,lod,eld,cpd,aswid,qads/exm=bt,base,bn,bu,cp,el,lo,sf,up,dd,aw,iw,gi,vi,eq,bid,bgs/d=1/ed=1/rs=AA2YrTst0cmMmyqAYD..."
      }, {
         "columnNumber": 141,
         "functionName": "ly",
         "lineNumber": 213,
         "scriptId": "14",
         "url": "https://www.gstatic.com/og/_/js/k=og.og.en_US.oMhipGj80KY.es5.O/rt=j/m=ld,gl,sd,p,vd,lod,eld,cpd,aswid,qads/exm=bt,base,bn,bu,cp,el,lo,sf,up,dd,aw,iw,gi,vi,eq,bid,bgs/d=1/ed=1/rs=AA2YrTst0cmMmyqAYD..."
      }, {
         "columnNumber": 89,
         "functionName": "Cy",
         "lineNumber": 239,
         "scriptId": "14",
         "url": "https://www.gstatic.com/og/_/js/k=og.og.en_US.oMhipGj80KY.es5.O/rt=j/m=ld,gl,sd,p,vd,lod,eld,cpd,aswid,qads/exm=bt,base,bn,bu,cp,el,lo,sf,up,dd,aw,iw,gi,vi,eq,bid,bgs/d=1/ed=1/rs=AA2YrTst0cmMmyqAYD..."
      }, {
         "columnNumber": 21,
         "functionName": "Gy",
         "lineNumber": 223,
         "scriptId": "14",
         "url": "https://www.gstatic.com/og/_/js/k=og.og.en_US.oMhipGj80KY.es5.O/rt=j/m=ld,gl,sd,p,vd,lod,eld,cpd,aswid,qads/exm=bt,base,bn,bu,cp,el,lo,sf,up,dd,aw,iw,gi,vi,eq,bid,bgs/d=1/ed=1/rs=AA2YrTst0cmMmyqAYD..."
      }, {
         "columnNumber": 161,
         "functionName": "zy.notify",
         "lineNumber": 229,
         "scriptId": "14",
         "url": "https://www.gstatic.com/og/_/js/k=og.og.en_US.oMhipGj80KY.es5.O/rt=j/m=ld,gl,sd,p,vd,lod,eld,cpd,aswid,qads/exm=bt,base,bn,bu,cp,el,lo,sf,up,dd,aw,iw,gi,vi,eq,bid,bgs/d=1/ed=1/rs=AA2YrTst0cmMmyqAYD..."
      }, {
         "columnNumber": 379,
         "functionName": "Nw",
         "lineNumber": 163,
         "scriptId": "14",
         "url": "https://www.gstatic.com/og/_/js/k=og.og.en_US.oMhipGj80KY.es5.O/rt=j/m=ld,gl,sd,p,vd,lod,eld,cpd,aswid,qads/exm=bt,base,bn,bu,cp,el,lo,sf,up,dd,aw,iw,gi,vi,eq,bid,bgs/d=1/ed=1/rs=AA2YrTst0cmMmyqAYD..."
      }, {
         "columnNumber": 427,
         "functionName": "Py",
         "lineNumber": 234,
         "scriptId": "14",
         "url": "https://www.gstatic.com/og/_/js/k=og.og.en_US.oMhipGj80KY.es5.O/rt=j/m=ld,gl,sd,p,vd,lod,eld,cpd,aswid,qads/exm=bt,base,bn,bu,cp,el,lo,sf,up,dd,aw,iw,gi,vi,eq,bid,bgs/d=1/ed=1/rs=AA2YrTst0cmMmyqAYD..."
      }, {
         "columnNumber": 295,
         "functionName": "Qy",
         "lineNumber": 228,
         "scriptId": "14",
         "url": "https://www.gstatic.com/og/_/js/k=og.og.en_US.oMhipGj80KY.es5.O/rt=j/m=ld,gl,sd,p,vd,lod,eld,cpd,aswid,qads/exm=bt,base,bn,bu,cp,el,lo,sf,up,dd,aw,iw,gi,vi,eq,bid,bgs/d=1/ed=1/rs=AA2YrTst0cmMmyqAYD..."
      }, {
         "columnNumber": 206,
         "functionName": "Tz",
         "lineNumber": 289,
         "scriptId": "14",
         "url": "https://www.gstatic.com/og/_/js/k=og.og.en_US.oMhipGj80KY.es5.O/rt=j/m=ld,gl,sd,p,vd,lod,eld,cpd,aswid,qads/exm=bt,base,bn,bu,cp,el,lo,sf,up,dd,aw,iw,gi,vi,eq,bid,bgs/d=1/ed=1/rs=AA2YrTst0cmMmyqAYD..."
      }, {
         "columnNumber": 464,
         "functionName": "Sz",
         "lineNumber": 287,
         "scriptId": "14",
         "url": "https://www.gstatic.com/og/_/js/k=og.og.en_US.oMhipGj80KY.es5.O/rt=j/m=ld,gl,sd,p,vd,lod,eld,cpd,aswid,qads/exm=bt,base,bn,bu,cp,el,lo,sf,up,dd,aw,iw,gi,vi,eq,bid,bgs/d=1/ed=1/rs=AA2YrTst0cmMmyqAYD..."
      }, {
         "columnNumber": 340,
         "functionName": "Vz",
         "lineNumber": 286,
         "scriptId": "14",
         "url": "https://www.gstatic.com/og/_/js/k=og.og.en_US.oMhipGj80KY.es5.O/rt=j/m=ld,gl,sd,p,vd,lod,eld,cpd,aswid,qads/exm=bt,base,bn,bu,cp,el,lo,sf,up,dd,aw,iw,gi,vi,eq,bid,bgs/d=1/ed=1/rs=AA2YrTst0cmMmyqAYD..."
      }, {
         "columnNumber": 404,
         "functionName": "dB",
         "lineNumber": 304,
         "scriptId": "14",
         "url": "https://www.gstatic.com/og/_/js/k=og.og.en_US.oMhipGj80KY.es5.O/rt=j/m=ld,gl,sd,p,vd,lod,eld,cpd,aswid,qads/exm=bt,base,bn,bu,cp,el,lo,sf,up,dd,aw,iw,gi,vi,eq,bid,bgs/d=1/ed=1/rs=AA2YrTst0cmMmyqAYD..."
      }, {
         "columnNumber": 344,
         "functionName": "_.eB",
         "lineNumber": 304,
         "scriptId": "14",
         "url": "https://www.gstatic.com/og/_/js/k=og.og.en_US.oMhipGj80KY.es5.O/rt=j/m=ld,gl,sd,p,vd,lod,eld,cpd,aswid,qads/exm=bt,base,bn,bu,cp,el,lo,sf,up,dd,aw,iw,gi,vi,eq,bid,bgs/d=1/ed=1/rs=AA2YrTst0cmMmyqAYD..."
      }, {
         "columnNumber": 285,
         "functionName": "_.bB.load",
         "lineNumber": 306,
         "scriptId": "14",
         "url": "https://www.gstatic.com/og/_/js/k=og.og.en_US.oMhipGj80KY.es5.O/rt=j/m=ld,gl,sd,p,vd,lod,eld,cpd,aswid,qads/exm=bt,base,bn,bu,cp,el,lo,sf,up,dd,aw,iw,gi,vi,eq,bid,bgs/d=1/ed=1/rs=AA2YrTst0cmMmyqAYD..."
      }, {
         "columnNumber": 35,
         "functionName": "",
         "lineNumber": 332,
         "scriptId": "14",
         "url": "https://www.gstatic.com/og/_/js/k=og.og.en_US.oMhipGj80KY.es5.O/rt=j/m=ld,gl,sd,p,vd,lod,eld,cpd,aswid,qads/exm=bt,base,bn,bu,cp,el,lo,sf,up,dd,aw,iw,gi,vi,eq,bid,bgs/d=1/ed=1/rs=AA2YrTst0cmMmyqAYD..."
      }, {
         "columnNumber": 453,
         "functionName": "_.aj",
         "lineNumber": 224,
         "scriptId": "8",
         "url": "https://www.google.com/"
      }, {
         "columnNumber": 2,
         "functionName": "",
         "lineNumber": 332,
         "scriptId": "14",
         "url": "https://www.gstatic.com/og/_/js/k=og.og.en_US.oMhipGj80KY.es5.O/rt=j/m=ld,gl,sd,p,vd,lod,eld,cpd,aswid,qads/exm=bt,base,bn,bu,cp,el,lo,sf,up,dd,aw,iw,gi,vi,eq,bid,bgs/d=1/ed=1/rs=AA2YrTst0cmMmyqAYD..."
      }, {
         "columnNumber": 2,
         "functionName": "",
         "lineNumber": 354,
         "scriptId": "14",
         "url": "https://www.gstatic.com/og/_/js/k=og.og.en_US.oMhipGj80KY.es5.O/rt=j/m=ld,gl,sd,p,vd,lod,eld,cpd,aswid,qads/exm=bt,base,bn,bu,cp,el,lo,sf,up,dd,aw,iw,gi,vi,eq,bid,bgs/d=1/ed=1/rs=AA2YrTst0cmMmyqAYD..."
      } ]
   }
}
[1763573449.950][DEBUG]: DevTools WebSocket Command: Runtime.evaluate (id=17) (session_id=609385DF3A5156D32BEDE7C8A636E6DE) 8AF9FC43CE6CF7A187FB767B46069107 {
   "expression": "1"
}
[1763573449.951][DEBUG]: DevTools WebSocket Event: Page.frameRequestedNavigation (session_id=609385DF3A5156D32BEDE7C8A636E6DE) 8AF9FC43CE6CF7A187FB767B46069107 {
   "disposition": "currentTab",
   "frameId": "EB2FB3F4B3539908E046DC0140A47959",
   "reason": "initialFrameNavigation",
   "url": "https://ogs.google.com/widget/callout?prid=19046229&pgid=19046228&puid=2e6b2513ec221596&eom=1&cce=1&dc=1&origin=https%3A%2F%2Fwww.google.com&cn=callout&pid=1&spid=1&hl=en"
}
[1763573449.953][DEBUG]: DevTools WebSocket Event: Page.frameStartedNavigating (session_id=609385DF3A5156D32BEDE7C8A636E6DE) 8AF9FC43CE6CF7A187FB767B46069107 {
   "frameId": "EB2FB3F4B3539908E046DC0140A47959",
   "loaderId": "A53F61442D6EB4A78A3580EAF5959A35",
   "navigationType": "differentDocument",
   "url": "https://ogs.google.com/widget/callout?prid=19046229&pgid=19046228&puid=2e6b2513ec221596&eom=1&cce=1&dc=1&origin=https%3A%2F%2Fwww.google.com&cn=callout&pid=1&spid=1&hl=en"
}
[1763573449.953][DEBUG]: DevTools WebSocket Event: Page.frameStartedLoading (session_id=609385DF3A5156D32BEDE7C8A636E6DE) 8AF9FC43CE6CF7A187FB767B46069107 {
   "frameId": "EB2FB3F4B3539908E046DC0140A47959"
}
[1763573449.957][DEBUG]: DevTools WebSocket Response: Runtime.evaluate (id=17) (session_id=609385DF3A5156D32BEDE7C8A636E6DE) 8AF9FC43CE6CF7A187FB767B46069107 {
   "result": {
      "description": "1",
      "type": "number",
      "value": 1
   }
}
[1763573450.184][DEBUG]: DevTools WebSocket Event: Page.frameNavigated (session_id=609385DF3A5156D32BEDE7C8A636E6DE) 8AF9FC43CE6CF7A187FB767B46069107 {
   "frame": {
      "adFrameStatus": {
         "adFrameType": "none",
         "explanations": [  ]
      },
      "crossOriginIsolatedContextType": "NotIsolatedFeatureDisabled",
      "domainAndRegistry": "google.com",
      "gatedAPIFeatures": [  ],
      "id": "EB2FB3F4B3539908E046DC0140A47959",
      "loaderId": "A53F61442D6EB4A78A3580EAF5959A35",
      "mimeType": "text/html",
      "name": "callout",
      "parentId": "8AF9FC43CE6CF7A187FB767B46069107",
      "secureContextType": "Secure",
      "securityOrigin": "https://ogs.google.com",
      "securityOriginDetails": {
         "isLocalhost": false
      },
      "url": "https://ogs.google.com/widget/callout?prid=19046229&pgid=19046228&puid=2e6b2513ec221596&eom=1&cce=1&dc=1&origin=https%3A%2F%2Fwww.google.com&cn=callout&pid=1&spid=1&hl=en"
   },
   "type": "Navigation"
}
[1763573450.184][DEBUG]: DevTools WebSocket Command: Runtime.evaluate (id=18) (session_id=609385DF3A5156D32BEDE7C8A636E6DE) 8AF9FC43CE6CF7A187FB767B46069107 {
   "expression": "1"
}
[1763573450.187][DEBUG]: DevTools WebSocket Event: Runtime.executionContextCreated (session_id=609385DF3A5156D32BEDE7C8A636E6DE) 8AF9FC43CE6CF7A187FB767B46069107 {
   "context": {
      "auxData": {
         "frameId": "EB2FB3F4B3539908E046DC0140A47959",
         "isDefault": true,
         "type": "default"
      },
      "id": 2,
      "name": "",
      "origin": "https://ogs.google.com",
      "uniqueId": "-8373773579226056983.-1822694136071542066"
   }
}
[1763573450.187][DEBUG]: DevTools WebSocket Response: Runtime.evaluate (id=18) (session_id=609385DF3A5156D32BEDE7C8A636E6DE) 8AF9FC43CE6CF7A187FB767B46069107 {
   "result": {
      "description": "1",
      "type": "number",
      "value": 1
   }
}
[1763573450.482][DEBUG]: DevTools WebSocket Event: Page.frameStoppedLoading (session_id=609385DF3A5156D32BEDE7C8A636E6DE) 8AF9FC43CE6CF7A187FB767B46069107 {
   "frameId": "EB2FB3F4B3539908E046DC0140A47959"
}
[1763573450.483][DEBUG]: DevTools WebSocket Event: Page.loadEventFired (session_id=609385DF3A5156D32BEDE7C8A636E6DE) 8AF9FC43CE6CF7A187FB767B46069107 {
   "timestamp": 14742.599571
}
[1763573450.483][DEBUG]: DevTools WebSocket Command: Runtime.evaluate (id=19) (session_id=609385DF3A5156D32BEDE7C8A636E6DE) 8AF9FC43CE6CF7A187FB767B46069107 {
   "awaitPromise": false,
   "expression": "document.readyState",
   "returnByValue": true,
   "uniqueContextId": "8639552964276506966.413818073957848094"
}
[1763573450.483][DEBUG]: DevTools WebSocket Event: Page.frameStoppedLoading (session_id=609385DF3A5156D32BEDE7C8A636E6DE) 8AF9FC43CE6CF7A187FB767B46069107 {
   "frameId": "8AF9FC43CE6CF7A187FB767B46069107"
}
[1763573450.483][DEBUG]: DevTools WebSocket Response: Runtime.evaluate (id=19) (session_id=609385DF3A5156D32BEDE7C8A636E6DE) 8AF9FC43CE6CF7A187FB767B46069107 {
   "result": {
      "type": "string",
      "value": "complete"
   }
}
[1763573450.483][DEBUG]: DevTools WebSocket Command: Runtime.evaluate (id=20) (session_id=609385DF3A5156D32BEDE7C8A636E6DE) 8AF9FC43CE6CF7A187FB767B46069107 {
   "expression": "1"
}
[1763573450.483][DEBUG]: DevTools WebSocket Response: Runtime.evaluate (id=20) (session_id=609385DF3A5156D32BEDE7C8A636E6DE) 8AF9FC43CE6CF7A187FB767B46069107 {
   "result": {
      "description": "1",
      "type": "number",
      "value": 1
   }
}
[1763573450.483][INFO]: Done waiting for pending navigations. Status: ok
[1763573450.483][INFO]: [615cfaaa815ebed8961ad0f32ca21047] RESPONSE Navigate
[1763573450.484][INFO]: [615cfaaa815ebed8961ad0f32ca21047] COMMAND GetTitle {
}
[1763573450.484][INFO]: Waiting for pending navigations...
[1763573450.484][DEBUG]: DevTools WebSocket Command: Runtime.evaluate (id=21) (session_id=609385DF3A5156D32BEDE7C8A636E6DE) 8AF9FC43CE6CF7A187FB767B46069107 {
   "expression": "1"
}
[1763573450.484][DEBUG]: DevTools WebSocket Response: Runtime.evaluate (id=21) (session_id=609385DF3A5156D32BEDE7C8A636E6DE) 8AF9FC43CE6CF7A187FB767B46069107 {
   "result": {
      "description": "1",
      "type": "number",
      "value": 1
   }
}
[1763573450.484][INFO]: Done waiting for pending navigations. Status: ok
[1763573450.484][DEBUG]: DevTools WebSocket Command: Page.getFrameTree (id=22) (session_id=609385DF3A5156D32BEDE7C8A636E6DE) 8AF9FC43CE6CF7A187FB767B46069107 {
}
[1763573450.485][DEBUG]: DevTools WebSocket Response: Page.getFrameTree (id=22) (session_id=609385DF3A5156D32BEDE7C8A636E6DE) 8AF9FC43CE6CF7A187FB767B46069107 {
   "frameTree": {
      "childFrames": [ {
         "frame": {
            "adFrameStatus": {
               "adFrameType": "none",
               "explanations": [  ]
            },
            "crossOriginIsolatedContextType": "NotIsolatedFeatureDisabled",
            "domainAndRegistry": "google.com",
            "gatedAPIFeatures": [  ],
            "id": "EB2FB3F4B3539908E046DC0140A47959",
            "loaderId": "A53F61442D6EB4A78A3580EAF5959A35",
            "mimeType": "text/html",
            "name": "callout",
            "parentId": "8AF9FC43CE6CF7A187FB767B46069107",
            "secureContextType": "Secure",
            "securityOrigin": "https://ogs.google.com",
            "securityOriginDetails": {
               "isLocalhost": false
            },
            "url": "https://ogs.google.com/widget/callout?prid=19046229&pgid=19046228&puid=2e6b2513ec221596&eom=1&cce=1&dc=1&origin=https%3A%2F%2Fwww.google.com&cn=callout&pid=1&spid=1&hl=en"
         }
      } ],
      "frame": {
         "adFrameStatus": {
            "adFrameType": "none"
         },
         "crossOriginIsolatedContextType": "NotIsolated",
         "domainAndRegistry": "google.com",
         "gatedAPIFeatures": [  ],
         "id": "8AF9FC43CE6CF7A187FB767B46069107",
         "loaderId": "81E4C54A083DABE0A0A026310A065231",
         "mimeType": "text/html",
         "secureContextType": "Secure",
         "securityOrigin": "https://www.google.com",
         "securityOriginDetails": {
            "isLocalhost": false
         },
         "url": "https://www.google.com/"
      }
   }
}
[1763573450.485][DEBUG]: DevTools WebSocket Command: Page.getFrameTree (id=23) (session_id=609385DF3A5156D32BEDE7C8A636E6DE) 8AF9FC43CE6CF7A187FB767B46069107 {
}
[1763573450.485][DEBUG]: DevTools WebSocket Response: Page.getFrameTree (id=23) (session_id=609385DF3A5156D32BEDE7C8A636E6DE) 8AF9FC43CE6CF7A187FB767B46069107 {
   "frameTree": {
      "childFrames": [ {
         "frame": {
            "adFrameStatus": {
               "adFrameType": "none",
               "explanations": [  ]
            },
            "crossOriginIsolatedContextType": "NotIsolatedFeatureDisabled",
            "domainAndRegistry": "google.com",
            "gatedAPIFeatures": [  ],
            "id": "EB2FB3F4B3539908E046DC0140A47959",
            "loaderId": "A53F61442D6EB4A78A3580EAF5959A35",
            "mimeType": "text/html",
            "name": "callout",
            "parentId": "8AF9FC43CE6CF7A187FB767B46069107",
            "secureContextType": "Secure",
            "securityOrigin": "https://ogs.google.com",
            "securityOriginDetails": {
               "isLocalhost": false
            },
            "url": "https://ogs.google.com/widget/callout?prid=19046229&pgid=19046228&puid=2e6b2513ec221596&eom=1&cce=1&dc=1&origin=https%3A%2F%2Fwww.google.com&cn=callout&pid=1&spid=1&hl=en"
         }
      } ],
      "frame": {
         "adFrameStatus": {
            "adFrameType": "none"
         },
         "crossOriginIsolatedContextType": "NotIsolated",
         "domainAndRegistry": "google.com",
         "gatedAPIFeatures": [  ],
         "id": "8AF9FC43CE6CF7A187FB767B46069107",
         "loaderId": "81E4C54A083DABE0A0A026310A065231",
         "mimeType": "text/html",
         "secureContextType": "Secure",
         "securityOrigin": "https://www.google.com",
         "securityOriginDetails": {
            "isLocalhost": false
         },
         "url": "https://www.google.com/"
      }
   }
}
[1763573450.485][DEBUG]: DevTools WebSocket Command: Runtime.callFunctionOn (id=24) (session_id=609385DF3A5156D32BEDE7C8A636E6DE) 8AF9FC43CE6CF7A187FB767B46069107 {
   "arguments": [  ],
   "awaitPromise": true,
   "functionDeclaration": "function(){ return (function() { // Copyright 2012 The Chromium Authors\n// Use of this source code is governed by a BSD-style license that can be\n// found in the LICENSE file.\n\n/**\n * Enum for WebD...",
   "serializationOptions": {
      "serialization": "deep"
   },
   "uniqueContextId": "8639552964276506966.413818073957848094"
}
[1763573450.486][DEBUG]: DevTools WebSocket Response: Runtime.callFunctionOn (id=24) (session_id=609385DF3A5156D32BEDE7C8A636E6DE) 8AF9FC43CE6CF7A187FB767B46069107 {
   "result": {
      "className": "Array",
      "deepSerializedValue": {
         "type": "array",
         "value": [ {
            "type": "string",
            "value": "{\"status\":0,\"value\":\"Google\"}"
         } ]
      },
      "description": "Array(1)",
      "objectId": "1129311740812946384.1.1",
      "subtype": "array",
      "type": "object"
   }
}
[1763573450.486][INFO]: Waiting for pending navigations...
[1763573450.486][DEBUG]: DevTools WebSocket Command: Runtime.evaluate (id=25) (session_id=609385DF3A5156D32BEDE7C8A636E6DE) 8AF9FC43CE6CF7A187FB767B46069107 {
   "expression": "1"
}
[1763573450.487][DEBUG]: DevTools WebSocket Response: Runtime.evaluate (id=25) (session_id=609385DF3A5156D32BEDE7C8A636E6DE) 8AF9FC43CE6CF7A187FB767B46069107 {
   "result": {
      "description": "1",
      "type": "number",
      "value": 1
   }
}
[1763573450.487][INFO]: Done waiting for pending navigations. Status: ok
[1763573450.487][INFO]: [615cfaaa815ebed8961ad0f32ca21047] RESPONSE GetTitle "Google"
[1763573450.487][INFO]: [615cfaaa815ebed8961ad0f32ca21047] COMMAND Quit {
}
[1763573450.538][INFO]: [615cfaaa815ebed8961ad0f32ca21047] RESPONSE Quit
[1763573450.538][DEBUG]: Log type 'driver' lost 0 entries on destruction
[1763573450.538][DEBUG]: Log type 'browser' lost 0 entries on destruction
